VMS/build/outputs/logs/manifest-merger-debug-report.txt
-- Merging decision tree log ---
manifest
ADDED from src\main\AndroidManifest.xml:2:1-83:12
	xmlns:android
		ADDED from src\main\AndroidManifest.xml:2:11-69
	package
		ADDED from src\main\AndroidManifest.xml:3:5-42
		INJECTED from src\main\AndroidManifest.xml
		INJECTED from src\main\AndroidManifest.xml
	android:versionName
		ADDED from src\main\AndroidManifest.xml:5:5-30
		INJECTED from src\main\AndroidManifest.xml
		INJECTED from src\main\AndroidManifest.xml
	android:versionCode
		ADDED from src\main\AndroidManifest.xml:4:5-28
		INJECTED from src\main\AndroidManifest.xml
		INJECTED from src\main\AndroidManifest.xml
uses-sdk
ADDED from src\main\AndroidManifest.xml:7:5-9:41
MERGED from [DailyNickle:aFileChooser:unspecified] AndroidManifest.xml:20:5-22:41
MERGED from [com.android.support:support-v4:23.1.1] AndroidManifest.xml:20:5-43
MERGED from [com.android.support:appcompat-v7:23.1.1] AndroidManifest.xml:20:5-43
MERGED from [com.android.support:support-v4:23.1.1] AndroidManifest.xml:20:5-43
MERGED from [com.android.support:support-v4:23.1.1] AndroidManifest.xml:20:5-43
MERGED from [io.reactivex:rxandroid:1.0.1] AndroidManifest.xml:19:5-43
MERGED from [com.wrapp.floatlabelededittext:library:0.0.5] AndroidManifest.xml:7:5-9:41
MERGED from [com.android.support:design:23.1.1] AndroidManifest.xml:20:5-43
MERGED from [com.android.support:appcompat-v7:23.1.1] AndroidManifest.xml:20:5-43
MERGED from [com.android.support:support-v4:23.1.1] AndroidManifest.xml:20:5-43
MERGED from [com.android.support:recyclerview-v7:23.1.1] AndroidManifest.xml:20:5-43
MERGED from [com.android.support:support-v4:23.1.1] AndroidManifest.xml:20:5-43
MERGED from [com.android.support:support-v4:23.1.1] AndroidManifest.xml:20:5-43
MERGED from [com.mikhaellopez:circularimageview:2.0.2] AndroidManifest.xml:7:5-9:41
MERGED from [com.pixplicity.easyprefs:library:1.7] AndroidManifest.xml:8:5-10:41
MERGED from [com.android.support:recyclerview-v7:23.1.1] AndroidManifest.xml:20:5-43
MERGED from [com.android.support:support-v4:23.1.1] AndroidManifest.xml:20:5-43
MERGED from [com.android.support:cardview-v7:23.1.1] AndroidManifest.xml:20:5-43
MERGED from [com.code-troopers.betterpickers:library:2.2.1] AndroidManifest.xml:8:5-10:41
MERGED from [com.android.support:appcompat-v7:23.1.1] AndroidManifest.xml:20:5-43
MERGED from [com.android.support:support-v4:23.1.1] AndroidManifest.xml:20:5-43
MERGED from [com.dlazaro66.qrcodereaderview:qrcodereaderview:1.0.0] AndroidManifest.xml:7:5-9:41
MERGED from [com.joanzapata.iconify:android-iconify-fontawesome:2.1.1] AndroidManifest.xml:6:5-43
MERGED from [com.joanzapata.iconify:android-iconify:2.1.1] AndroidManifest.xml:6:5-43
MERGED from [com.android.support:support-v4:23.1.1] AndroidManifest.xml:20:5-43
MERGED from [it.neokree:GoogleNavigationDrawer:0.6] AndroidManifest.xml:7:5-10:16
MERGED from [com.android.support:appcompat-v7:23.1.1] AndroidManifest.xml:20:5-43
MERGED from [com.android.support:support-v4:23.1.1] AndroidManifest.xml:20:5-43
	android:targetSdkVersion
		ADDED from src\main\AndroidManifest.xml:9:9-38
		INJECTED from src\main\AndroidManifest.xml
		INJECTED from src\main\AndroidManifest.xml
	android:minSdkVersion
		ADDED from src\main\AndroidManifest.xml:8:9-35
		INJECTED from src\main\AndroidManifest.xml
		INJECTED from src\main\AndroidManifest.xml
uses-feature#android.hardware.camera
ADDED from src\main\AndroidManifest.xml:10:5-60
	android:name
		ADDED from src\main\AndroidManifest.xml:10:19-57
uses-permission#android.permission.INTERNET
ADDED from src\main\AndroidManifest.xml:12:5-67
	android:name
		ADDED from src\main\AndroidManifest.xml:12:22-64
uses-permission#android.permission.WRITE_EXTERNAL_STORAGE
ADDED from src\main\AndroidManifest.xml:13:5-81
	android:name
		ADDED from src\main\AndroidManifest.xml:13:22-78
application
ADDED from src\main\AndroidManifest.xml:15:5-80:19
MERGED from [com.android.support:support-v4:23.1.1] AndroidManifest.xml:22:5-20
MERGED from [com.android.support:appcompat-v7:23.1.1] AndroidManifest.xml:22:5-20
MERGED from [com.android.support:support-v4:23.1.1] AndroidManifest.xml:22:5-20
MERGED from [com.android.support:support-v4:23.1.1] AndroidManifest.xml:22:5-20
MERGED from [com.wrapp.floatlabelededittext:library:0.0.5] AndroidManifest.xml:11:5-20
MERGED from [com.android.support:design:23.1.1] AndroidManifest.xml:22:5-20
MERGED from [com.android.support:appcompat-v7:23.1.1] AndroidManifest.xml:22:5-20
MERGED from [com.android.support:support-v4:23.1.1] AndroidManifest.xml:22:5-20
MERGED from [com.android.support:support-v4:23.1.1] AndroidManifest.xml:22:5-20
MERGED from [com.android.support:support-v4:23.1.1] AndroidManifest.xml:22:5-20
MERGED from [com.mikhaellopez:circularimageview:2.0.2] AndroidManifest.xml:11:5-13:38
MERGED from [com.android.support:support-v4:23.1.1] AndroidManifest.xml:22:5-20
MERGED from [com.android.support:cardview-v7:23.1.1] AndroidManifest.xml:22:5-20
MERGED from [com.android.support:appcompat-v7:23.1.1] AndroidManifest.xml:22:5-20
MERGED from [com.android.support:support-v4:23.1.1] AndroidManifest.xml:22:5-20
MERGED from [com.android.support:support-v4:23.1.1] AndroidManifest.xml:22:5-20
MERGED from [com.android.support:appcompat-v7:23.1.1] AndroidManifest.xml:22:5-20
MERGED from [com.android.support:support-v4:23.1.1] AndroidManifest.xml:22:5-20
	android:supportsRtl
		ADDED from [com.mikhaellopez:circularimageview:2.0.2] AndroidManifest.xml:13:9-35
	android:label
		ADDED from src\main\AndroidManifest.xml:20:9-26
	android:allowBackup
		ADDED from src\main\AndroidManifest.xml:17:9-35
	android:icon
		ADDED from src\main\AndroidManifest.xml:19:9-38
	android:theme
		ADDED from src\main\AndroidManifest.xml:22:9-40
	android:enabled
		ADDED from src\main\AndroidManifest.xml:18:9-31
	android:persistent
		ADDED from src\main\AndroidManifest.xml:21:9-34
	android:name
		ADDED from src\main\AndroidManifest.xml:16:9-44
activity#com.visitormanagementsystem.SplashScreen
ADDED from src\main\AndroidManifest.xml:23:9-33:20
	android:screenOrientation
		ADDED from src\main\AndroidManifest.xml:26:13-49
	android:label
		ADDED from src\main\AndroidManifest.xml:25:13-45
	android:theme
		ADDED from src\main\AndroidManifest.xml:27:13-66
	android:name
		ADDED from src\main\AndroidManifest.xml:24:13-41
intent-filter#android.intent.action.MAIN+android.intent.category.LAUNCHER
ADDED from src\main\AndroidManifest.xml:28:13-32:29
action#android.intent.action.MAIN
ADDED from src\main\AndroidManifest.xml:29:17-69
	android:name
		ADDED from src\main\AndroidManifest.xml:29:25-66
category#android.intent.category.LAUNCHER
ADDED from src\main\AndroidManifest.xml:31:17-77
	android:name
		ADDED from src\main\AndroidManifest.xml:31:27-74
activity#com.visitormanagementsystem.GDMainActivity
ADDED from src\main\AndroidManifest.xml:34:1-43
	android:name
		ADDED from src\main\AndroidManifest.xml:34:11-41
activity#com.visitormanagementsystem.VMSMainActivity
ADDED from src\main\AndroidManifest.xml:35:9-36:15
	android:name
		ADDED from src\main\AndroidManifest.xml:35:19-50
activity#com.visitormanagementsystem.ServicesFragment
ADDED from src\main\AndroidManifest.xml:38:9-54
	android:name
		ADDED from src\main\AndroidManifest.xml:38:19-51
activity#com.visitormanagementsystem.QRReader
ADDED from src\main\AndroidManifest.xml:39:9-41:52
	android:screenOrientation
		ADDED from src\main\AndroidManifest.xml:41:13-49
	android:name
		ADDED from src\main\AndroidManifest.xml:40:13-37
activity#com.ipaulpro.afilechooser.FileChooserActivity
ADDED from src\main\AndroidManifest.xml:43:9-57:20
	android:label
		ADDED from src\main\AndroidManifest.xml:48:13-48
	android:icon
		ADDED from src\main\AndroidManifest.xml:47:13-48
	android:exported
		ADDED from src\main\AndroidManifest.xml:46:13-36
	android:enabled
		ADDED from src\main\AndroidManifest.xml:45:13-49
	android:name
		ADDED from src\main\AndroidManifest.xml:44:13-73
intent-filter#android.intent.action.GET_CONTENT+android.intent.category.DEFAULT+android.intent.category.OPENABLE
ADDED from src\main\AndroidManifest.xml:49:13-56:29
action#android.intent.action.GET_CONTENT
ADDED from src\main\AndroidManifest.xml:50:17-76
	android:name
		ADDED from src\main\AndroidManifest.xml:50:25-73
category#android.intent.category.DEFAULT
ADDED from src\main\AndroidManifest.xml:52:17-76
	android:name
		ADDED from src\main\AndroidManifest.xml:52:27-73
category#android.intent.category.OPENABLE
ADDED from src\main\AndroidManifest.xml:53:17-77
	android:name
		ADDED from src\main\AndroidManifest.xml:53:27-74
data
ADDED from src\main\AndroidManifest.xml:55:17-48
	android:mimeType
		ADDED from src\main\AndroidManifest.xml:55:23-45
activity#com.visitormanagementsystem.utils.CrashActivity
ADDED from src\main\AndroidManifest.xml:58:9-56
	android:name
		ADDED from src\main\AndroidManifest.xml:58:19-54
meta-data#io.fabric.ApiKey
ADDED from src\main\AndroidManifest.xml:60:9-62:72
	android:name
		ADDED from src\main\AndroidManifest.xml:61:13-44
	android:value
		ADDED from src\main\AndroidManifest.xml:62:13-69
receiver#com.visitormanagementsystem.Receiver1
ADDED from src\main\AndroidManifest.xml:64:9-68:20
	android:name
		ADDED from src\main\AndroidManifest.xml:64:19-44
intent-filter#Fate
ADDED from src\main\AndroidManifest.xml:65:13-67:29
	android:priority
		ADDED from src\main\AndroidManifest.xml:65:28-48
action#Fate
ADDED from src\main\AndroidManifest.xml:66:17-54
	android:name
		ADDED from src\main\AndroidManifest.xml:66:25-44
receiver#com.visitormanagementsystem.Receiver2
ADDED from src\main\AndroidManifest.xml:69:9-73:20
	android:name
		ADDED from src\main\AndroidManifest.xml:69:19-44
receiver#com.visitormanagementsystem.Receiver3
ADDED from src\main\AndroidManifest.xml:74:9-78:20
	android:name
		ADDED from src\main\AndroidManifest.xml:74:19-44
uses-permission#android.permission.BROADCAST_STICKY
ADDED from src\main\AndroidManifest.xml:81:5-75
	android:name
		ADDED from src\main\AndroidManifest.xml:81:22-72
uses-permission#android.permission.CAMERA
ADDED from [com.dlazaro66.qrcodereaderview:qrcodereaderview:1.0.0] AndroidManifest.xml:11:5-65
	android:name
		ADDED from [com.dlazaro66.qrcodereaderview:qrcodereaderview:1.0.0] AndroidManifest.xml:11:22-62